生成启动时间为 2017/11/25 21:06:19。
     1>项目“F:\github\JiugeStl\JiugeStl\JiugeStl.vcxproj”在节点 2 上(Build 个目标)。
     1>ClCompile:
         C:\Program Files (x86)\Microsoft Visual Studio 12.0\VC\bin\CL.exe /c /ZI /nologo /W3 /WX- /sdl /Od /Oy- /D _MBCS /Gm /EHsc /RTC1 /MDd /GS /fp:precise /Zc:wchar_t /Zc:forScope /Fo"Debug\\" /Fd"Debug\vc120.pdb" /Gd /TP /analyze- /errorReport:prompt "..\CppFile\源.cpp"
         源.cpp
     1>f:\github\jiugestl\headfile\iterator.h(97): error C2678: 二进制“!=”: 没有找到接受“iter<JStl::bidrection_iterator_tag,int>”类型的左操作数的运算符(或没有可接受的转换)
                 c:\program files (x86)\microsoft visual studio 12.0\vc\include\system_error(426): 可能是“bool std::operator !=(const std::error_condition &,const std::error_code &) throw()”
                 c:\program files (x86)\microsoft visual studio 12.0\vc\include\system_error(419): 或       “bool std::operator !=(const std::error_code &,const std::error_condition &) throw()”
                 c:\program files (x86)\microsoft visual studio 12.0\vc\include\exception(522): 或       “bool std::operator !=(const std::exception_ptr &,std::nullptr_t)”
                 c:\program files (x86)\microsoft visual studio 12.0\vc\include\exception(517): 或       “bool std::operator !=(std::nullptr_t,const std::exception_ptr &)”
                 c:\program files (x86)\microsoft visual studio 12.0\vc\include\exception(512): 或       “bool std::operator !=(const std::exception_ptr &,const std::exception_ptr &)”
                 尝试匹配参数列表“(iter<JStl::bidrection_iterator_tag,int>, iter<JStl::bidrection_iterator_tag,int>)”时
                 f:\github\jiugestl\headfile\iterator.h(115): 参见对正在编译的函数 模板 实例化“__w64 int JStl::_distance<InputIterator>(InputIterator,InputIterator,JStl::input_iterator_tag)”的引用
                 with
                 [
                     InputIterator=iter<JStl::bidrection_iterator_tag,int>
                 ]
                 f:\github\jiugestl\cppfile\源.cpp(16): 参见对正在编译的函数 模板 实例化“__w64 int JStl::distance<iter<JStl::bidrection_iterator_tag,int>>(InputIterator,InputIterator)”的引用
                 with
                 [
                     InputIterator=iter<JStl::bidrection_iterator_tag,int>
                 ]
     1>f:\github\jiugestl\headfile\iterator.h(97): fatal error C1903: 无法从以前的错误中恢复；正在停止编译
     1>已完成生成项目“F:\github\JiugeStl\JiugeStl\JiugeStl.vcxproj”(Build 个目标)的操作 - 失败。

生成失败。

已用时间 00:00:00.76
